<?xml version="1.0" encoding="UTF-8"?>
<!-- Generated by org.testng.reporters.JUnitXMLReporter -->
<testsuite ignored="0" hostname="Sushma" failures="0" tests="7" name="Test" time="41.188" errors="0" timestamp="2023-07-16T19:35:01 CEST">
  <testcase classname="com.ParaBank.testcases.TC_LoginTest_001" name="LoginTest" time="5.354"/>
  <testcase classname="com.ParaBank.testcases.TC_LoginTest_002" name="loginDDT" time="6.807"/>
  <testcase classname="com.ParaBank.testcases.TC_LoginTest_002" name="loginDDT" time="1.943"/>
  <testcase classname="com.ParaBank.testcases.TC_LoginTest_002" name="loginDDT" time="1.919"/>
  <testcase classname="com.ParaBank.testcases.TC_LoginTest_002" name="loginDDT" time="1.888"/>
  <testcase classname="com.ParaBank.testcases.TC_LoginTest_002" name="loginDDT" time="2.288"/>
  <testcase classname="com.ParaBank.testcases.TC_OpenNewAccount_003" name="OpenAccount" time="6.272"/>
</testsuite> <!-- Test -->
