<?xml version="1.0" encoding="UTF-8"?>
<!-- Generated by org.testng.reporters.JUnitXMLReporter -->
<testsuite ignored="0" hostname="Sushma" failures="0" tests="1" name="Test" time="0.315" errors="0" timestamp="2023-07-14T19:44:07 CEST">
  <testcase classname="com.ParaBank.testcases.BaseClass" name="@BeforeClass setup" time="0.183">
    <failure type="java.lang.NullPointerException" message="Cannot invoke &amp;quot;org.openqa.selenium.WebDriver.manage()&amp;quot; because &amp;quot;com.ParaBank.testcases.BaseClass.driver&amp;quot; is null">
      <![CDATA[java.lang.NullPointerException: Cannot invoke "org.openqa.selenium.WebDriver.manage()" because "com.ParaBank.testcases.BaseClass.driver" is null
at com.ParaBank.testcases.BaseClass.setup(BaseClass.java:33)
at java.base/java.util.ArrayList.forEach(ArrayList.java:1511)
... Removed 25 stack frames]]>
    </failure>
  </testcase> <!-- @BeforeClass setup -->
  <testcase classname="com.ParaBank.testcases.BaseClass" name="@AfterClass teardown" time="0.0">
    <skipped/>
  </testcase> <!-- @AfterClass teardown -->
  <testcase classname="com.ParaBank.testcases.TC_LoginTest_001" name="LoginTest" time="0.0">
    <skipped/>
  </testcase> <!-- LoginTest -->
</testsuite> <!-- Test -->
