<?xml version="1.0" encoding="UTF-8"?>
<testng-results ignored="0" total="7" passed="7" failed="0" skipped="0">
  <reporter-output>
  </reporter-output>
  <suite started-at="2023-07-16T19:34:19 CEST" name="suite" finished-at="2023-07-16T19:35:00 CEST" duration-ms="41188">
    <groups>
    </groups>
    <test started-at="2023-07-16T19:34:19 CEST" name="Test" finished-at="2023-07-16T19:35:00 CEST" duration-ms="41188">
      <class name="com.ParaBank.testcases.TC_OpenNewAccount_003">
        <test-method is-config="true" signature="setup()[pri:0, instance:com.ParaBank.testcases.TC_OpenNewAccount_003@268f106e]" started-at="2023-07-16T19:34:52 CEST" name="setup" finished-at="2023-07-16T19:34:54 CEST" duration-ms="1561" status="PASS">
          <reporter-output>
          </reporter-output>
        </test-method> <!-- setup -->
        <test-method signature="OpenAccount()[pri:0, instance:com.ParaBank.testcases.TC_OpenNewAccount_003@268f106e]" started-at="2023-07-16T19:34:54 CEST" name="OpenAccount" finished-at="2023-07-16T19:35:00 CEST" duration-ms="6272" status="PASS">
          <reporter-output>
          </reporter-output>
        </test-method> <!-- OpenAccount -->
        <test-method is-config="true" signature="teardown()[pri:0, instance:com.ParaBank.testcases.TC_OpenNewAccount_003@268f106e]" started-at="2023-07-16T19:35:00 CEST" name="teardown" finished-at="2023-07-16T19:35:00 CEST" duration-ms="316" status="PASS">
          <reporter-output>
          </reporter-output>
        </test-method> <!-- teardown -->
      </class> <!-- com.ParaBank.testcases.TC_OpenNewAccount_003 -->
      <class name="com.ParaBank.testcases.TC_LoginTest_002">
        <test-method is-config="true" signature="setup()[pri:0, instance:com.ParaBank.testcases.TC_LoginTest_002@5b247367]" started-at="2023-07-16T19:34:30 CEST" name="setup" finished-at="2023-07-16T19:34:31 CEST" duration-ms="1462" status="PASS">
          <reporter-output>
          </reporter-output>
        </test-method> <!-- setup -->
        <test-method signature="loginDDT(java.lang.String,java.lang.String)[pri:0, instance:com.ParaBank.testcases.TC_LoginTest_002@5b247367]" started-at="2023-07-16T19:34:37 CEST" name="loginDDT" data-provider="LoginData" finished-at="2023-07-16T19:34:44 CEST" duration-ms="6807" status="PASS">
          <params>
            <param index="0">
              <value>
                <![CDATA[john]]>
              </value>
            </param>
            <param index="1">
              <value>
                <![CDATA[demo]]>
              </value>
            </param>
          </params>
          <reporter-output>
          </reporter-output>
        </test-method> <!-- loginDDT -->
        <test-method signature="loginDDT(java.lang.String,java.lang.String)[pri:0, instance:com.ParaBank.testcases.TC_LoginTest_002@5b247367]" started-at="2023-07-16T19:34:44 CEST" name="loginDDT" data-provider="LoginData" finished-at="2023-07-16T19:34:46 CEST" duration-ms="1943" status="PASS">
          <params>
            <param index="0">
              <value>
                <![CDATA[john]]>
              </value>
            </param>
            <param index="1">
              <value>
                <![CDATA[dmo]]>
              </value>
            </param>
          </params>
          <reporter-output>
          </reporter-output>
        </test-method> <!-- loginDDT -->
        <test-method signature="loginDDT(java.lang.String,java.lang.String)[pri:0, instance:com.ParaBank.testcases.TC_LoginTest_002@5b247367]" started-at="2023-07-16T19:34:46 CEST" name="loginDDT" data-provider="LoginData" finished-at="2023-07-16T19:34:47 CEST" duration-ms="1919" status="PASS">
          <params>
            <param index="0">
              <value>
                <![CDATA[jhn]]>
              </value>
            </param>
            <param index="1">
              <value>
                <![CDATA[demo]]>
              </value>
            </param>
          </params>
          <reporter-output>
          </reporter-output>
        </test-method> <!-- loginDDT -->
        <test-method signature="loginDDT(java.lang.String,java.lang.String)[pri:0, instance:com.ParaBank.testcases.TC_LoginTest_002@5b247367]" started-at="2023-07-16T19:34:47 CEST" name="loginDDT" data-provider="LoginData" finished-at="2023-07-16T19:34:49 CEST" duration-ms="1888" status="PASS">
          <params>
            <param index="0">
              <value>
                <![CDATA[jhn]]>
              </value>
            </param>
            <param index="1">
              <value>
                <![CDATA[dmo]]>
              </value>
            </param>
          </params>
          <reporter-output>
          </reporter-output>
        </test-method> <!-- loginDDT -->
        <test-method signature="loginDDT(java.lang.String,java.lang.String)[pri:0, instance:com.ParaBank.testcases.TC_LoginTest_002@5b247367]" started-at="2023-07-16T19:34:49 CEST" name="loginDDT" data-provider="LoginData" finished-at="2023-07-16T19:34:52 CEST" duration-ms="2288" status="PASS">
          <params>
            <param index="0">
              <value>
                <![CDATA[JOHN]]>
              </value>
            </param>
            <param index="1">
              <value>
                <![CDATA[DEMO]]>
              </value>
            </param>
          </params>
          <reporter-output>
          </reporter-output>
        </test-method> <!-- loginDDT -->
        <test-method is-config="true" signature="teardown()[pri:0, instance:com.ParaBank.testcases.TC_LoginTest_002@5b247367]" started-at="2023-07-16T19:34:52 CEST" name="teardown" finished-at="2023-07-16T19:34:52 CEST" duration-ms="422" status="PASS">
          <reporter-output>
          </reporter-output>
        </test-method> <!-- teardown -->
      </class> <!-- com.ParaBank.testcases.TC_LoginTest_002 -->
      <class name="com.ParaBank.testcases.TC_LoginTest_001">
        <test-method is-config="true" signature="setup()[pri:0, instance:com.ParaBank.testcases.TC_LoginTest_001@2767e23c]" started-at="2023-07-16T19:34:20 CEST" name="setup" finished-at="2023-07-16T19:34:24 CEST" duration-ms="4429" status="PASS">
          <reporter-output>
          </reporter-output>
        </test-method> <!-- setup -->
        <test-method signature="LoginTest()[pri:0, instance:com.ParaBank.testcases.TC_LoginTest_001@2767e23c]" started-at="2023-07-16T19:34:24 CEST" name="LoginTest" finished-at="2023-07-16T19:34:29 CEST" duration-ms="5354" status="PASS">
          <reporter-output>
          </reporter-output>
        </test-method> <!-- LoginTest -->
        <test-method is-config="true" signature="teardown()[pri:0, instance:com.ParaBank.testcases.TC_LoginTest_001@2767e23c]" started-at="2023-07-16T19:34:29 CEST" name="teardown" finished-at="2023-07-16T19:34:30 CEST" duration-ms="362" status="PASS">
          <reporter-output>
          </reporter-output>
        </test-method> <!-- teardown -->
      </class> <!-- com.ParaBank.testcases.TC_LoginTest_001 -->
    </test> <!-- Test -->
  </suite> <!-- suite -->
</testng-results>
